[15Dec2025 03:57:30.577] [main/INFO] [cpw.mods.modlauncher.Launcher/MODLAUNCHER]: ModLauncher running: args [--launchTarget, forgeclientdev, --version, 21.1.215, --assetIndex, 17, --assetsDir, C:\\Users\\nikys\\.gradle\\caches\\neoformruntime\\assets, --gameDir, ., --fml.fmlVersion, 4.0.42, --fml.mcVersion, 1.21.1, --fml.neoForgeVersion, 21.1.215, --fml.neoFormVersion, 20240808.144430]
[15Dec2025 03:57:30.581] [main/INFO] [cpw.mods.modlauncher.Launcher/MODLAUNCHER]: JVM identified as Oracle Corporation Java HotSpot(TM) 64-Bit Server VM 21.0.7+8-LTS-245
[15Dec2025 03:57:30.582] [main/INFO] [cpw.mods.modlauncher.Launcher/MODLAUNCHER]: ModLauncher 11.0.5+main.901c6ea8 starting: java version 21.0.7 by Oracle Corporation; OS Windows 11 arch amd64 version 10.0
[15Dec2025 03:57:30.705] [main/INFO] [net.neoforged.fml.loading.ImmediateWindowHandler/]: Loading ImmediateWindowProvider fmlearlywindow
[15Dec2025 03:57:30.826] [main/INFO] [EARLYDISPLAY/]: Trying GL version 4.6
[15Dec2025 03:57:31.024] [main/INFO] [EARLYDISPLAY/]: Requested GL version 4.6 got version 4.6
[15Dec2025 03:57:31.112] [main/INFO] [mixin/]: SpongePowered MIXIN Subsystem Version=0.8.7 Source=union:/C:/Users/nikys/.gradle/caches/modules-2/files-2.1/net.fabricmc/sponge-mixin/0.15.2+mixin.0.8.7/2af2f021d8e02a0220dc27a7a72b4666d66d44ca/sponge-mixin-0.15.2+mixin.0.8.7.jar%23138!/ Service=ModLauncher Env=CLIENT
[15Dec2025 03:57:31.374] [pool-2-thread-1/INFO] [EARLYDISPLAY/]: GL info: NVIDIA GeForce RTX 3060/PCIe/SSE2 GL version 4.6.0 NVIDIA 581.80, NVIDIA Corporation
[15Dec2025 03:57:31.564] [main/INFO] [net.neoforged.fml.loading.moddiscovery.locators.JarInJarDependencyLocator/]: Found 2 dependencies adding them to mods collection
[15Dec2025 03:57:31.565] [main/INFO] [net.neoforged.fml.loading.moddiscovery.ModDiscoverer/]: 
     Mod List:
		Name Version (Mod Id)

		Apothic Attributes 2.9.0 (apothic_attributes)
		Curios API 9.5.1+1.21.1 (curios)
		Minecraft 1.21.1 (minecraft)
		NeoForge 21.1.215 (neoforge)
		Placebo 9.9.1 (placebo)
		Stefans Content 0.0.2 (stefanscontent)
[15Dec2025 03:57:32.351] [main/INFO] [mixin/]: Compatibility level set to JAVA_21
[15Dec2025 03:57:32.369] [main/INFO] [cpw.mods.modlauncher.LaunchServiceHandler/MODLAUNCHER]: Launching target 'forgeclientdev' with arguments [--version, 21.1.215, --gameDir, ., --assetsDir, C:\Users\nikys\.gradle\caches\neoformruntime\assets, --assetIndex, 17]
[15Dec2025 03:57:32.407] [main/WARN] [mixin/]: Reference map 'curios.refmap.json' for curios.neoforge.mixins.json could not be read. If this is a development environment you can ignore this message
[15Dec2025 03:57:32.408] [main/WARN] [mixin/]: Reference map 'curios.refmap.json' for curios.mixins.json could not be read. If this is a development environment you can ignore this message
[15Dec2025 03:57:32.409] [main/WARN] [mixin/]: Reference map 'placebo.refmap.json' for placebo.mixins.json could not be read. If this is a development environment you can ignore this message
[15Dec2025 03:57:32.409] [main/WARN] [mixin/]: Reference map 'apothic_attributes.refmap.json' for apothic_attributes.mixins.json could not be read. If this is a development environment you can ignore this message
[15Dec2025 03:57:33.384] [main/INFO] [MixinExtras|Service/]: Initializing MixinExtras via com.llamalad7.mixinextras.service.MixinExtrasServiceImpl(version=0.5.0).
[15Dec2025 03:57:34.341] [Datafixer Bootstrap/INFO] [com.mojang.datafixers.DataFixerBuilder/]: 229 Datafixer optimizations took 349 milliseconds
[15Dec2025 03:57:38.934] [main/WARN] [net.minecraft.commands.Commands/]: Ambiguity between arguments [teleport, location] and [teleport, destination] with inputs: [0.1 -0.5 .9, 0 0 0]
[15Dec2025 03:57:38.935] [main/WARN] [net.minecraft.commands.Commands/]: Ambiguity between arguments [teleport, location] and [teleport, targets] with inputs: [0.1 -0.5 .9, 0 0 0]
[15Dec2025 03:57:38.937] [main/WARN] [net.minecraft.commands.Commands/]: Ambiguity between arguments [teleport, destination] and [teleport, targets] with inputs: [Player, 0123, @e, dd12be42-52a9-4a91-a8a1-11c01849e498]
[15Dec2025 03:57:38.938] [main/WARN] [net.minecraft.commands.Commands/]: Ambiguity between arguments [teleport, targets] and [teleport, destination] with inputs: [Player, 0123, dd12be42-52a9-4a91-a8a1-11c01849e498]
[15Dec2025 03:57:38.938] [main/WARN] [net.minecraft.commands.Commands/]: Ambiguity between arguments [teleport, targets, location] and [teleport, targets, destination] with inputs: [0.1 -0.5 .9, 0 0 0]
[15Dec2025 03:57:39.066] [Render thread/WARN] [net.minecraft.server.packs.VanillaPackResourcesBuilder/]: Assets URL 'union:/C:/Users/nikys/IdeaProjects/stefanscontent/build/moddev/artifacts/neoforge-21.1.215.jar%23189!/assets/.mcassetsroot' uses unexpected schema
[15Dec2025 03:57:39.066] [Render thread/WARN] [net.minecraft.server.packs.VanillaPackResourcesBuilder/]: Assets URL 'union:/C:/Users/nikys/IdeaProjects/stefanscontent/build/moddev/artifacts/neoforge-21.1.215.jar%23189!/data/.mcassetsroot' uses unexpected schema
[15Dec2025 03:57:39.087] [Render thread/INFO] [com.mojang.authlib.yggdrasil.YggdrasilAuthenticationService/]: Environment: Environment[sessionHost=https://sessionserver.mojang.com, servicesHost=https://api.minecraftservices.com, name=PROD]
[15Dec2025 03:57:39.095] [Render thread/INFO] [net.minecraft.client.Minecraft/]: Setting user: Dev
[15Dec2025 03:57:39.124] [Render thread/INFO] [mixin/]: BeforeConstant is searching for constants in method with descriptor (Lnet/minecraft/client/GuiMessage;)V
[15Dec2025 03:57:39.124] [Render thread/INFO] [mixin/]:   BeforeConstant found STRING constant: value = , stringValue = null
[15Dec2025 03:57:39.124] [Render thread/INFO] [mixin/]:     BeforeConstant found a matching constant TYPE at ordinal 0
[15Dec2025 03:57:39.124] [Render thread/INFO] [mixin/]:       BeforeConstant found LdcInsn 
[15Dec2025 03:57:39.125] [Render thread/INFO] [mixin/]:   BeforeConstant found STRING constant: value = \\r, stringValue = null
[15Dec2025 03:57:39.125] [Render thread/INFO] [mixin/]:     BeforeConstant found a matching constant TYPE at ordinal 1
[15Dec2025 03:57:39.125] [Render thread/INFO] [mixin/]:       BeforeConstant found LdcInsn \\r
[15Dec2025 03:57:39.125] [Render thread/INFO] [mixin/]:   BeforeConstant found STRING constant: value = 
, stringValue = null
[15Dec2025 03:57:39.125] [Render thread/INFO] [mixin/]:     BeforeConstant found a matching constant TYPE at ordinal 2
[15Dec2025 03:57:39.125] [Render thread/INFO] [mixin/]:       BeforeConstant found LdcInsn 

[15Dec2025 03:57:39.125] [Render thread/INFO] [mixin/]:   BeforeConstant found STRING constant: value = \\n, stringValue = null
[15Dec2025 03:57:39.125] [Render thread/INFO] [mixin/]:     BeforeConstant found a matching constant TYPE at ordinal 3
[15Dec2025 03:57:39.125] [Render thread/INFO] [mixin/]:       BeforeConstant found LdcInsn \\n
[15Dec2025 03:57:39.125] [Render thread/INFO] [mixin/]:   BeforeConstant found CLASS constant: value = Ljava/lang/String;, typeValue = null
[15Dec2025 03:57:39.125] [Render thread/INFO] [mixin/]:   BeforeConstant found STRING constant: value = [{}] [CHAT] {}, stringValue = null
[15Dec2025 03:57:39.125] [Render thread/INFO] [mixin/]:     BeforeConstant found a matching constant TYPE at ordinal 4
[15Dec2025 03:57:39.125] [Render thread/INFO] [mixin/]:       BeforeConstant found LdcInsn [{}] [CHAT] {}
[15Dec2025 03:57:39.125] [Render thread/INFO] [mixin/]:   BeforeConstant found STRING constant: value = [CHAT] {}, stringValue = null
[15Dec2025 03:57:39.125] [Render thread/INFO] [mixin/]:     BeforeConstant found a matching constant TYPE at ordinal 5
[15Dec2025 03:57:39.125] [Render thread/INFO] [mixin/]:       BeforeConstant found LdcInsn [CHAT] {}
[15Dec2025 03:57:39.180] [Render thread/INFO] [net.minecraft.client.Minecraft/]: Backend library: LWJGL version 3.3.3+5
[15Dec2025 03:57:39.487] [modloading-worker-0/INFO] [net.neoforged.neoforge.common.NeoForgeMod/NEOFORGE-MOD]: NeoForge mod loading, version 21.1.215, for MC 1.21.1
[15Dec2025 03:57:40.068] [Render thread/INFO] [net.neoforged.neoforge.gametest.GameTestHooks/]: Enabled Gametest Namespaces: [stefanscontent]
[15Dec2025 03:57:40.198] [Render thread/INFO] [net.minecraft.server.packs.resources.ReloadableResourceManager/]: Reloading ResourceManager: vanilla, mod_resources, mod/curios, mod/stefanscontent, mod/neoforge, mod/placebo, mod/apothic_attributes
[15Dec2025 03:57:40.322] [Worker-Main-15/INFO] [net.minecraft.client.gui.font.providers.UnihexProvider/]: Found unifont_jp_patch-15.1.05.hex, loading
[15Dec2025 03:57:40.322] [Worker-Main-12/INFO] [net.minecraft.client.gui.font.providers.UnihexProvider/]: Found unifont_all_no_pua-15.1.05.hex, loading
[15Dec2025 03:57:40.400] [Worker-Main-2/INFO] [com.stefansstuff.stefanscontent.StefansContent/]: HELLO FROM CLIENT SETUP
[15Dec2025 03:57:40.400] [Worker-Main-2/INFO] [com.stefansstuff.stefanscontent.StefansContent/]: MINECRAFT NAME >> Dev
[15Dec2025 03:57:40.402] [Placebo Patreon Trail Loader/INFO] [placebo/]: Loading patreon trails data...
[15Dec2025 03:57:40.403] [Placebo Patreon Wing Loader/INFO] [placebo/]: Loading patreon wing data...
[15Dec2025 03:57:40.521] [Placebo Patreon Wing Loader/INFO] [placebo/]: Loaded 43 patreon wings.
[15Dec2025 03:57:40.521] [Placebo Patreon Trail Loader/INFO] [placebo/]: Loaded 50 patreon trails.
[15Dec2025 03:57:41.719] [Render thread/ERROR] [net.minecraft.client.sounds.SoundManager/]: Missing subtitle translation{key='apothic_attributes.subtitle.dodge', args=[]} for sound event: apothic_attributes:dodge
[15Dec2025 03:57:41.720] [Render thread/WARN] [net.minecraft.client.sounds.SoundEngine/]: Missing sound for event: minecraft:item.goat_horn.play
[15Dec2025 03:57:41.720] [Render thread/WARN] [net.minecraft.client.sounds.SoundEngine/]: Missing sound for event: minecraft:entity.goat.screaming.horn_break
[15Dec2025 03:57:41.762] [Render thread/INFO] [com.mojang.blaze3d.audio.Library/]: OpenAL initialized on device OpenAL Soft on Speakers (HyperX DuoCast)
[15Dec2025 03:57:41.763] [Render thread/INFO] [net.minecraft.client.sounds.SoundEngine/SOUNDS]: Sound engine started
[15Dec2025 03:57:41.845] [Render thread/INFO] [net.minecraft.client.renderer.texture.TextureAtlas/]: Created: 1024x512x4 minecraft:textures/atlas/blocks.png-atlas
[15Dec2025 03:57:41.851] [Render thread/INFO] [net.minecraft.client.renderer.texture.TextureAtlas/]: Created: 256x256x4 minecraft:textures/atlas/signs.png-atlas
[15Dec2025 03:57:41.852] [Render thread/INFO] [net.minecraft.client.renderer.texture.TextureAtlas/]: Created: 512x512x4 minecraft:textures/atlas/shield_patterns.png-atlas
[15Dec2025 03:57:41.852] [Render thread/INFO] [net.minecraft.client.renderer.texture.TextureAtlas/]: Created: 512x512x4 minecraft:textures/atlas/banner_patterns.png-atlas
[15Dec2025 03:57:41.852] [Render thread/INFO] [net.minecraft.client.renderer.texture.TextureAtlas/]: Created: 1024x1024x4 minecraft:textures/atlas/armor_trims.png-atlas
[15Dec2025 03:57:41.854] [Render thread/INFO] [net.minecraft.client.renderer.texture.TextureAtlas/]: Created: 256x256x4 minecraft:textures/atlas/chest.png-atlas
[15Dec2025 03:57:41.854] [Render thread/INFO] [net.minecraft.client.renderer.texture.TextureAtlas/]: Created: 128x64x4 minecraft:textures/atlas/decorated_pot.png-atlas
[15Dec2025 03:57:41.854] [Render thread/INFO] [net.minecraft.client.renderer.texture.TextureAtlas/]: Created: 512x256x4 minecraft:textures/atlas/beds.png-atlas
[15Dec2025 03:57:41.854] [Render thread/INFO] [net.minecraft.client.renderer.texture.TextureAtlas/]: Created: 512x256x4 minecraft:textures/atlas/shulker_boxes.png-atlas
[15Dec2025 03:57:41.990] [Render thread/INFO] [net.minecraft.client.renderer.texture.TextureAtlas/]: Created: 512x256x0 minecraft:textures/atlas/particles.png-atlas
[15Dec2025 03:57:41.992] [Render thread/INFO] [net.minecraft.client.renderer.texture.TextureAtlas/]: Created: 512x256x0 minecraft:textures/atlas/paintings.png-atlas
[15Dec2025 03:57:41.992] [Render thread/INFO] [net.minecraft.client.renderer.texture.TextureAtlas/]: Created: 256x128x0 minecraft:textures/atlas/mob_effects.png-atlas
[15Dec2025 03:57:41.992] [Render thread/INFO] [net.minecraft.client.renderer.texture.TextureAtlas/]: Created: 64x64x0 minecraft:textures/atlas/map_decorations.png-atlas
[15Dec2025 03:57:41.993] [Render thread/INFO] [net.minecraft.client.renderer.texture.TextureAtlas/]: Created: 1024x512x0 minecraft:textures/atlas/gui.png-atlas
[15Dec2025 03:57:42.011] [Render thread/WARN] [net.minecraft.client.renderer.ShaderInstance/]: Shader rendertype_entity_translucent_emissive could not find sampler named Sampler2 in the specified shader program.
[15Dec2025 03:57:42.061] [Render thread/INFO] [net.neoforged.neoforge.client.entity.animation.json.AnimationLoader/]: Loaded 0 entity animations
[15Dec2025 03:57:53.953] [Render thread/INFO] [net.minecraft.world.item.crafting.RecipeManager/]: Loaded 1292 recipes
[15Dec2025 03:57:54.081] [Render thread/INFO] [net.minecraft.advancements.AdvancementTree/]: Loaded 1399 advancements
[15Dec2025 03:57:54.086] [Render thread/INFO] [Curios API/]: Loaded 11 curio slots
[15Dec2025 03:57:54.088] [Render thread/INFO] [Curios API/]: Loaded 2 curio entities
[15Dec2025 03:57:54.091] [Render thread/INFO] [placebo/]: Registered 0 gear_sets.
[15Dec2025 03:57:54.092] [Render thread/INFO] [placebo/]: Registered 0 wanderer_trades.
[15Dec2025 03:57:54.097] [Render thread/INFO] [placebo/]: Registered 37 brewing_mixes.
[15Dec2025 03:57:54.444] [Server thread/INFO] [net.minecraft.client.server.IntegratedServer/]: Starting integrated minecraft server version 1.21.1
[15Dec2025 03:57:54.444] [Server thread/INFO] [net.minecraft.server.MinecraftServer/]: Generating keypair
[15Dec2025 03:57:55.068] [Server thread/INFO] [net.minecraft.server.MinecraftServer/]: Preparing start region for dimension minecraft:overworld
[15Dec2025 03:57:55.250] [progressListener/INFO] [net.minecraft.server.level.progress.LoggerChunkProgressListener/]: Preparing spawn area: 0%
[15Dec2025 03:57:55.323] [Server thread/INFO] [net.neoforged.neoforge.server.permission.PermissionAPI/]: Successfully initialized permission handler neoforge:default_handler
[15Dec2025 03:57:55.325] [progressListener/INFO] [net.minecraft.server.level.progress.LoggerChunkProgressListener/]: Time elapsed: 255 ms
[15Dec2025 03:57:55.390] [Server thread/INFO] [net.minecraft.client.server.IntegratedServer/]: Changing view distance to 12, from 10
[15Dec2025 03:57:55.390] [Server thread/INFO] [net.minecraft.client.server.IntegratedServer/]: Changing simulation distance to 12, from 0
[15Dec2025 03:57:55.974] [Server thread/INFO] [net.minecraft.server.players.PlayerList/]: Dev[local:E:10df8387] logged in with entity id 62 at (2.120872655610712, 68.0, 46.69999998807907)
[15Dec2025 03:57:56.035] [Server thread/INFO] [net.minecraft.server.MinecraftServer/]: Dev joined the game
[15Dec2025 03:57:56.123] [Render thread/INFO] [placebo/]: Starting sync for brewing_mixes
[15Dec2025 03:57:56.128] [Render thread/INFO] [placebo/]: Registered 37 brewing_mixes.
[15Dec2025 03:57:56.129] [Render thread/INFO] [placebo/]: Completed sync for brewing_mixes
[15Dec2025 03:57:56.173] [Render thread/INFO] [net.minecraft.advancements.AdvancementTree/]: Loaded 118 advancements
[15Dec2025 03:58:03.142] [Server thread/INFO] [net.minecraft.server.MinecraftServer/]: [Dev: Applied enchantment Keen Eye V to Dev's item]
[15Dec2025 03:58:03.149] [Render thread/INFO] [net.minecraft.client.gui.components.ChatComponent/]: [System] [CHAT] Applied enchantment Keen Eye V to Dev's item
[15Dec2025 03:58:23.292] [Render thread/INFO] [net.minecraft.client.gui.components.ChatComponent/]: [System] [CHAT] Unknown or incomplete command, see below for error
[15Dec2025 03:58:23.293] [Render thread/INFO] [net.minecraft.client.gui.components.ChatComponent/]: [System] [CHAT] ...rit_chance<--[HERE]
[15Dec2025 03:58:25.054] [Render thread/INFO] [net.minecraft.client.gui.components.ChatComponent/]: [System] [CHAT] Value of attribute Crit Chance for entity Dev is 0.6
[15Dec2025 03:58:31.454] [Render thread/INFO] [net.minecraft.client.gui.components.ChatComponent/]: [System] [CHAT] 10 is higher than the maximum level of 5 supported by that enchantment
[15Dec2025 03:58:54.735] [Server thread/INFO] [net.minecraft.server.MinecraftServer/]: [Dev: Summoned new Zombie]
[15Dec2025 03:58:54.737] [Render thread/INFO] [net.minecraft.client.gui.components.ChatComponent/]: [System] [CHAT] Summoned new Zombie
[15Dec2025 03:59:02.512] [Server thread/INFO] [net.minecraft.server.MinecraftServer/]: [Dev: Summoned new Zombie]
[15Dec2025 03:59:02.513] [Render thread/INFO] [net.minecraft.client.gui.components.ChatComponent/]: [System] [CHAT] Summoned new Zombie
[15Dec2025 03:59:09.389] [Server thread/INFO] [net.minecraft.server.MinecraftServer/]: [Dev: Gave 1 [Bow] to Dev]
[15Dec2025 03:59:09.390] [Render thread/INFO] [net.minecraft.client.gui.components.ChatComponent/]: [System] [CHAT] Gave 1 [Bow] to Dev
[15Dec2025 03:59:14.222] [Server thread/INFO] [net.minecraft.server.MinecraftServer/]: [Dev: Applied enchantment Power V to Dev's item]
[15Dec2025 03:59:14.225] [Render thread/INFO] [net.minecraft.client.gui.components.ChatComponent/]: [System] [CHAT] Applied enchantment Power V to Dev's item
[15Dec2025 03:59:17.984] [Server thread/INFO] [net.minecraft.server.MinecraftServer/]: Dev has made the advancement [Take Aim]
[15Dec2025 03:59:17.985] [Render thread/INFO] [net.minecraft.client.gui.components.ChatComponent/]: [System] [CHAT] Dev has made the advancement [Take Aim]
[15Dec2025 03:59:18.032] [Render thread/INFO] [net.minecraft.advancements.AdvancementTree/]: Loaded 118 advancements
[15Dec2025 03:59:34.114] [Server thread/INFO] [net.minecraft.server.MinecraftServer/]: [Dev: Summoned new Zombie]
[15Dec2025 03:59:34.117] [Render thread/INFO] [net.minecraft.client.gui.components.ChatComponent/]: [System] [CHAT] Summoned new Zombie
[15Dec2025 03:59:36.821] [Server thread/INFO] [net.minecraft.server.MinecraftServer/]: [Dev: Summoned new Zombie]
[15Dec2025 03:59:36.824] [Render thread/INFO] [net.minecraft.client.gui.components.ChatComponent/]: [System] [CHAT] Summoned new Zombie
[15Dec2025 03:59:51.405] [Render thread/INFO] [net.minecraft.client.gui.components.ChatComponent/]: [System] [CHAT] Unknown or incomplete command, see below for error
[15Dec2025 03:59:51.405] [Render thread/INFO] [net.minecraft.client.gui.components.ChatComponent/]: [System] [CHAT] ...ier add 50<--[HERE]
[15Dec2025 04:00:00.684] [Render thread/INFO] [net.minecraft.client.gui.components.ChatComponent/]: [System] [CHAT] Unknown or incomplete command, see below for error
[15Dec2025 04:00:00.684] [Render thread/INFO] [net.minecraft.client.gui.components.ChatComponent/]: [System] [CHAT] ... value get<--[HERE]
[15Dec2025 04:00:08.177] [Render thread/INFO] [net.minecraft.client.gui.components.ChatComponent/]: [System] [CHAT] Base value for attribute Crit Chance for entity Dev set to 1.0
[15Dec2025 04:00:18.937] [Server thread/INFO] [net.minecraft.server.MinecraftServer/]: [Dev: Set the time to 1000]
[15Dec2025 04:00:18.938] [Render thread/INFO] [net.minecraft.client.gui.components.ChatComponent/]: [System] [CHAT] Set the time to 1000
[15Dec2025 04:00:20.608] [Server thread/INFO] [net.minecraft.server.MinecraftServer/]: [Dev: Set own game mode to Survival Mode]
[15Dec2025 04:00:20.612] [Render thread/INFO] [net.minecraft.client.gui.components.ChatComponent/]: [System] [CHAT] Set own game mode to Survival Mode
[15Dec2025 04:00:47.147] [Render thread/INFO] [net.minecraft.client.gui.components.ChatComponent/]: [System] [CHAT] Base value for attribute Crit Chance for entity Dev set to 0.0
[15Dec2025 04:00:51.891] [Render thread/INFO] [net.minecraft.client.gui.components.ChatComponent/]: [System] [CHAT] Base value for attribute Crit Chance for entity Dev set to -0.3
[15Dec2025 04:01:01.585] [Render thread/INFO] [net.minecraft.client.gui.components.ChatComponent/]: [System] [CHAT] Base value for attribute Crit Chance for entity Dev set to 0.05
[15Dec2025 04:01:18.782] [Server thread/INFO] [net.minecraft.server.MinecraftServer/]: [Dev: Applied enchantment Keen Eye V to Dev's item]
[15Dec2025 04:01:18.786] [Render thread/INFO] [net.minecraft.client.gui.components.ChatComponent/]: [System] [CHAT] Applied enchantment Keen Eye V to Dev's item
[15Dec2025 04:01:23.995] [Server thread/INFO] [net.minecraft.server.MinecraftServer/]: [Dev: Set own game mode to Creative Mode]
[15Dec2025 04:01:23.995] [Render thread/INFO] [net.minecraft.client.gui.components.ChatComponent/]: [System] [CHAT] Set own game mode to Creative Mode
[15Dec2025 04:01:30.496] [Server thread/INFO] [net.minecraft.server.MinecraftServer/]: [Dev: Summoned new Zombie]
[15Dec2025 04:01:30.496] [Render thread/INFO] [net.minecraft.client.gui.components.ChatComponent/]: [System] [CHAT] Summoned new Zombie
[15Dec2025 04:01:39.565] [Server thread/INFO] [net.minecraft.server.MinecraftServer/]: [Dev: Summoned new Giant]
[15Dec2025 04:01:39.565] [Render thread/INFO] [net.minecraft.client.gui.components.ChatComponent/]: [System] [CHAT] Summoned new Giant
[15Dec2025 04:02:04.532] [Render thread/WARN] [net.minecraft.client.sounds.SoundEngine/SOUNDS]: Unable to play empty soundEvent: minecraft:entity.salmon.ambient
[15Dec2025 04:02:21.677] [Server thread/INFO] [net.minecraft.client.server.IntegratedServer/]: Saving and pausing game...
[15Dec2025 04:02:21.696] [Server thread/INFO] [net.minecraft.server.MinecraftServer/]: Saving chunks for level 'ServerLevel[New World]'/minecraft:overworld
[15Dec2025 04:02:21.712] [Server thread/INFO] [net.minecraft.server.MinecraftServer/]: Saving chunks for level 'ServerLevel[New World]'/minecraft:the_end
[15Dec2025 04:02:21.713] [Server thread/INFO] [net.minecraft.server.MinecraftServer/]: Saving chunks for level 'ServerLevel[New World]'/minecraft:the_nether
